\BOOKMARK [1][-]{section.1}{\376\377\000I\000n\000t\000r\000o\000d\000u\000c\000t\000i\000o\000n}{}% 1
\BOOKMARK [1][-]{section.2}{\376\377\000O\000b\000j\000e\000c\000t\000i\000f\000s\000\040\000e\000t\000\040\000p\000r\000i\000n\000c\000i\000p\000e\000s}{}% 2
\BOOKMARK [1][-]{section.3}{\376\377\000A\000r\000c\000h\000i\000t\000e\000c\000t\000u\000r\000e\000\040\000e\000n\000\040\000c\000o\000u\000c\000h\000e\000s}{}% 3
\BOOKMARK [1][-]{section.4}{\376\377\000D\000\351\000p\000e\000n\000d\000a\000n\000c\000e\000s\000\040\000e\000t\000\040\000b\000u\000i\000l\000d}{}% 4
\BOOKMARK [1][-]{section.5}{\376\377\000C\000o\000u\000c\000h\000e\000\040\000D\000o\000m\000a\000i\000n\000e\000\040\000\050\000d\000o\000m\000a\000i\000n\000/\000\051}{}% 5
\BOOKMARK [2][-]{subsection.5.1}{\376\377\000\311\000t\000a\000t\000s\000\040\000e\000t\000\040\000c\000e\000l\000l\000u\000l\000e\000s}{section.5}% 6
\BOOKMARK [2][-]{subsection.5.2}{\376\377\000R\000\350\000g\000l\000e\000s}{section.5}% 7
\BOOKMARK [2][-]{subsection.5.3}{\376\377\000G\000r\000i\000l\000l\000e}{section.5}% 8
\BOOKMARK [2][-]{subsection.5.4}{\376\377\000S\000i\000m\000u\000l\000a\000t\000i\000o\000n}{section.5}% 9
\BOOKMARK [2][-]{subsection.5.5}{\376\377\000H\000y\000p\000o\000t\000h\000\350\000s\000e\000s\000\040\000e\000t\000\040\000l\000i\000m\000i\000t\000e\000s\000\040\000d\000u\000\040\000d\000o\000m\000a\000i\000n\000e}{section.5}% 10
\BOOKMARK [1][-]{section.6}{\376\377\000C\000o\000u\000c\000h\000e\000\040\000A\000p\000p\000l\000i\000c\000a\000t\000i\000o\000n\000\040\000\050\000a\000p\000p\000l\000i\000c\000a\000t\000i\000o\000n\000/\000\051}{}% 11
\BOOKMARK [2][-]{subsection.6.1}{\376\377\000C\000o\000n\000f\000i\000g\000u\000r\000a\000t\000i\000o\000n}{section.6}% 12
\BOOKMARK [2][-]{subsection.6.2}{\376\377\000P\000o\000r\000t\000s\000\040\000\050\000i\000n\000t\000e\000r\000f\000a\000c\000e\000s\000\051}{section.6}% 13
\BOOKMARK [2][-]{subsection.6.3}{\376\377\000F\000a\000\347\000a\000d\000e\000\040\000S\000i\000m\000u\000l\000a\000t\000i\000o\000n\000S\000e\000r\000v\000i\000c\000e}{section.6}% 14
\BOOKMARK [2][-]{subsection.6.4}{\376\377\000D\000\351\000p\000e\000n\000d\000a\000n\000c\000e\000s}{section.6}% 15
\BOOKMARK [1][-]{section.7}{\376\377\000C\000o\000u\000c\000h\000e\000\040\000I\000n\000f\000r\000a\000s\000t\000r\000u\000c\000t\000u\000r\000e\000\040\000\050\000i\000n\000f\000r\000a\000s\000t\000r\000u\000c\000t\000u\000r\000e\000/\000\051}{}% 16
\BOOKMARK [2][-]{subsection.7.1}{\376\377\000C\000h\000a\000r\000g\000e\000m\000e\000n\000t}{section.7}% 17
\BOOKMARK [2][-]{subsection.7.2}{\376\377\000E\000x\000p\000o\000r\000t}{section.7}% 18
\BOOKMARK [2][-]{subsection.7.3}{\376\377\000D\000\351\000p\000e\000n\000d\000a\000n\000c\000e\000s}{section.7}% 19
\BOOKMARK [1][-]{section.8}{\376\377\000C\000o\000u\000c\000h\000e\000\040\000P\000r\000\351\000s\000e\000n\000t\000a\000t\000i\000o\000n\000\040\000\050\000u\000i\000/\000\051}{}% 20
\BOOKMARK [2][-]{subsection.8.1}{\376\377\000C\000o\000n\000s\000o\000l\000e}{section.8}% 21
\BOOKMARK [2][-]{subsection.8.2}{\376\377\000G\000r\000a\000p\000h\000i\000q\000u\000e\000\040\000\050\000S\000F\000M\000L\000\051}{section.8}% 22
\BOOKMARK [2][-]{subsection.8.3}{\376\377\000P\000o\000i\000n\000t\000\040\000d\000'\000e\000n\000t\000r\000\351\000e}{section.8}% 23
\BOOKMARK [1][-]{section.9}{\376\377\000F\000o\000r\000m\000a\000t\000\040\000d\000e\000s\000\040\000d\000o\000n\000n\000\351\000e\000s}{}% 24
\BOOKMARK [1][-]{section.10}{\376\377\000F\000l\000u\000x\000\040\000d\000'\000e\000x\000\351\000c\000u\000t\000i\000o\000n}{}% 25
\BOOKMARK [1][-]{section.11}{\376\377\000T\000e\000s\000t\000s}{}% 26
\BOOKMARK [1][-]{section.12}{\376\377\000C\000o\000n\000v\000e\000n\000t\000i\000o\000n\000s\000\040\000e\000t\000\040\000e\000r\000r\000e\000u\000r\000s}{}% 27
\BOOKMARK [1][-]{section.13}{\376\377\000A\000n\000a\000l\000y\000s\000e\000\040\000S\000O\000L\000I\000D\000\040\000e\000t\000\040\000l\000i\000m\000i\000t\000e\000s}{}% 28
\BOOKMARK [1][-]{section.14}{\376\377\000P\000i\000s\000t\000e\000s\000\040\000d\000'\000a\000m\000\351\000l\000i\000o\000r\000a\000t\000i\000o\000n}{}% 29
\BOOKMARK [1][-]{section.15}{\376\377\000S\000y\000n\000t\000h\000\350\000s\000e\000\040\000d\000e\000s\000\040\000f\000i\000c\000h\000i\000e\000r\000s}{}% 30
